This is pdfTeX, Version 3.1415926-1.40.10 (TeX Live 2009/Debian) (format=pdflatex 2012.5.16)  14 MAY 2013 21:19
entering extended mode
 %&-line parsing enabled.
**report.tex
(./report.tex
LaTeX2e <2009/09/24>
Babel <v3.8l> and hyphenation patterns for english, usenglishmax, dumylang, noh
yphenation, farsi, arabic, croatian, bulgarian, ukrainian, russian, czech, slov
ak, danish, dutch, finnish, french, basque, ngerman, german, german-x-2009-06-1
9, ngerman-x-2009-06-19, ibycus, monogreek, greek, ancientgreek, hungarian, san
skrit, italian, latin, latvian, lithuanian, mongolian2a, mongolian, bokmal, nyn
orsk, romanian, irish, coptic, serbian, turkish, welsh, esperanto, uppersorbian
, estonian, indonesian, interlingua, icelandic, kurmanji, slovenian, polish, po
rtuguese, spanish, galician, catalan, swedish, ukenglish, loaded.
(/usr/share/texmf-texlive/tex/latex/base/article.cls
Document Class: article 2007/10/19 v1.4h Standard LaTeX document class
(/usr/share/texmf-texlive/tex/latex/base/size11.clo
File: size11.clo 2007/10/19 v1.4h Standard LaTeX file (size option)
)
\c@part=\count79
\c@section=\count80
\c@subsection=\count81
\c@subsubsection=\count82
\c@paragraph=\count83
\c@subparagraph=\count84
\c@figure=\count85
\c@table=\count86
\abovecaptionskip=\skip41
\belowcaptionskip=\skip42
\bibindent=\dimen102
)
(/usr/share/texmf-texlive/tex/latex/ltxmisc/url.sty
\Urlmuskip=\muskip10
Package: url 2006/04/12  ver 3.3  Verb mode for urls, etc.
)
(/usr/share/texmf-texlive/tex/latex/geometry/geometry.sty
Package: geometry 2008/12/21 v4.2 Page Geometry

(/usr/share/texmf-texlive/tex/latex/graphics/keyval.sty
Package: keyval 1999/03/16 v1.13 key=value parser (DPC)
\KV@toks@=\toks14
)
(/usr/share/texmf-texlive/tex/generic/oberdiek/ifpdf.sty
Package: ifpdf 2009/04/10 v2.0 Provides the ifpdf switch (HO)
Package ifpdf Info: pdfTeX in pdf mode detected.
)
(/usr/share/texmf-texlive/tex/generic/oberdiek/ifvtex.sty
Package: ifvtex 2008/11/04 v1.4 Switches for detecting VTeX and its modes (HO)
Package ifvtex Info: VTeX not detected.
)
\Gm@cnth=\count87
\Gm@cntv=\count88
\c@Gm@tempcnt=\count89
\Gm@bindingoffset=\dimen103
\Gm@wd@mp=\dimen104
\Gm@odd@mp=\dimen105
\Gm@even@mp=\dimen106
\Gm@dimlist=\toks15
)
(/usr/share/texmf-texlive/tex/latex/psnfss/times.sty
Package: times 2005/04/12 PSNFSS-v9.2a (SPQR) 
)
(/usr/share/texmf-texlive/tex/latex/graphics/graphicx.sty
Package: graphicx 1999/02/16 v1.0f Enhanced LaTeX Graphics (DPC,SPQR)

(/usr/share/texmf-texlive/tex/latex/graphics/graphics.sty
Package: graphics 2009/02/05 v1.0o Standard LaTeX Graphics (DPC,SPQR)

(/usr/share/texmf-texlive/tex/latex/graphics/trig.sty
Package: trig 1999/03/16 v1.09 sin cos tan (DPC)
)
(/etc/texmf/tex/latex/config/graphics.cfg
File: graphics.cfg 2009/08/28 v1.8 graphics configuration of TeX Live
)
Package graphics Info: Driver file: pdftex.def on input line 91.

(/usr/share/texmf-texlive/tex/latex/pdftex-def/pdftex.def
File: pdftex.def 2010/03/12 v0.04p Graphics/color for pdfTeX
\Gread@gobject=\count90
))
\Gin@req@height=\dimen107
\Gin@req@width=\dimen108
)
(/usr/share/texmf-texlive/tex/latex/listings/listings.sty
\lst@mode=\count91
\lst@gtempboxa=\box26
\lst@token=\toks16
\lst@length=\count92
\lst@currlwidth=\dimen109
\lst@column=\count93
\lst@pos=\count94
\lst@lostspace=\dimen110
\lst@width=\dimen111
\lst@newlines=\count95
\lst@lineno=\count96
\lst@maxwidth=\dimen112

(/usr/share/texmf-texlive/tex/latex/listings/lstmisc.sty
File: lstmisc.sty 2007/02/22 1.4 (Carsten Heinz)
\c@lstnumber=\count97
\lst@skipnumbers=\count98
\lst@framebox=\box27
)
(/usr/share/texmf-texlive/tex/latex/listings/listings.cfg
File: listings.cfg 2007/02/22 1.4 listings configuration
))
Package: listings 2007/02/22 1.4 (Carsten Heinz)

(/usr/share/texmf-texlive/tex/latex/graphics/color.sty
Package: color 2005/11/14 v1.0j Standard LaTeX Color (DPC)

(/etc/texmf/tex/latex/config/color.cfg
File: color.cfg 2007/01/18 v1.5 color configuration of teTeX/TeXLive
)
Package color Info: Driver file: pdftex.def on input line 130.
)
(/usr/share/texmf-texlive/tex/latex/algorithm2e/algorithm2e.sty
Package: algorithm2e 2005/10/04 v3.9 algorithms environments
\c@AlgoLine=\count99

(/usr/share/texmf-texlive/tex/latex/base/ifthen.sty
Package: ifthen 2001/05/26 v1.1c Standard LaTeX ifthen package (DPC)
)
(/usr/share/texmf-texlive/tex/latex/tools/xspace.sty
Package: xspace 2006/05/08 v1.12 Space after command names (DPC,MH)
)
********************************************************
Package `algorithm2e' Release 3.9 -- october 04 2005 --
- algorithm2e-announce@lirmm.fr mailing list for announcement about releases
- algorithm2e-discussion@lirmm.fr mailing list for discussion about package
subscribe by emailing sympa@lirmm.fr with 'subscribe <list> <firstname name>'
- Author: Christophe Fiorio (fiorio@lirmm.fr)
********************************************************
\skiptotal=\skip43
\skiprule=\skip44
\skiphlne=\skip45
\skiptext=\skip46
\skiplength=\skip47
\algomargin=\skip48
\skipalgocfslide=\skip49
\algowidth=\dimen113
\inoutsize=\dimen114
\inoutline=\dimen115
\algocf@inoutbox=\box28
\algocf@inputbox=\box29
\AlCapSkip=\skip50
\AlCapHSkip=\skip51
\algocf@capbox=\box30
\c@algocfline=\count100
\c@algocf=\count101
\algocf@algoframe=\box31
\algocf@algobox=\box32
) (./report.aux

LaTeX Warning: Label `overflow' multiply defined.


LaTeX Warning: Label `overflow' multiply defined.


LaTeX Warning: Label `overflow' multiply defined.


LaTeX Warning: Label `overflow' multiply defined.


LaTeX Warning: Label `overflow' multiply defined.


LaTeX Warning: Label `overflow' multiply defined.


LaTeX Warning: Label `overflow' multiply defined.


LaTeX Warning: Label `overflow' multiply defined.


LaTeX Warning: Label `overflow' multiply defined.


LaTeX Warning: Label `overflow' multiply defined.


LaTeX Warning: Label `overflow' multiply defined.


LaTeX Warning: Label `overflow' multiply defined.


LaTeX Warning: Label `overflow' multiply defined.

)
\openout1 = `report.aux'.

LaTeX Font Info:    Checking defaults for OML/cmm/m/it on input line 15.
LaTeX Font Info:    ... okay on input line 15.
LaTeX Font Info:    Checking defaults for T1/cmr/m/n on input line 15.
LaTeX Font Info:    ... okay on input line 15.
LaTeX Font Info:    Checking defaults for OT1/cmr/m/n on input line 15.
LaTeX Font Info:    ... okay on input line 15.
LaTeX Font Info:    Checking defaults for OMS/cmsy/m/n on input line 15.
LaTeX Font Info:    ... okay on input line 15.
LaTeX Font Info:    Checking defaults for OMX/cmex/m/n on input line 15.
LaTeX Font Info:    ... okay on input line 15.
LaTeX Font Info:    Checking defaults for U/cmr/m/n on input line 15.
LaTeX Font Info:    ... okay on input line 15.
LaTeX Font Info:    Try loading font information for OT1+ptm on input line 15.
 (/usr/share/texmf-texlive/tex/latex/psnfss/ot1ptm.fd
File: ot1ptm.fd 2001/06/04 font definitions for OT1/ptm.
)
*geometry auto-detecting driver*
*geometry detected driver: pdftex*
-------------------- Geometry parameters
paper: letterpaper
landscape: --
twocolumn: true
twoside: --
asymmetric: --
h-parts: 54.2025pt, 505.89pt, 54.2025pt
v-parts: 54.2025pt, 686.56499pt, 54.2025pt
hmarginratio: --
vmarginratio: --
lines: --
heightrounded: --
bindingoffset: 0.0pt
truedimen: --
includehead: --
includefoot: --
includemp: --
driver: pdftex
-------------------- Page layout dimensions and switches
\paperwidth  614.295pt
\paperheight 794.96999pt
\textwidth  505.89pt
\textheight 686.56499pt
\oddsidemargin  -18.06749pt
\evensidemargin -18.06749pt
\topmargin  -55.06749pt
\headheight 12.0pt
\headsep    25.0pt
\footskip   30.0pt
\marginparwidth 4.0pt
\marginparsep   10.0pt
\columnsep  36.135pt
\skip\footins  10.0pt plus 4.0pt minus 2.0pt
\hoffset 0.0pt
\voffset 0.0pt
\mag 1000
\@twocolumntrue 
(1in=72.27pt, 1cm=28.45pt)
-----------------------
(/usr/share/texmf-texlive/tex/context/base/supp-pdf.mkii
[Loading MPS to PDF converter (version 2006.09.02).]
\scratchcounter=\count102
\scratchdimen=\dimen116
\scratchbox=\box33
\nofMPsegments=\count103
\nofMParguments=\count104
\everyMPshowfont=\toks17
\MPscratchCnt=\count105
\MPscratchDim=\dimen117
\MPnumerator=\count106
\everyMPtoPDFconversion=\toks18
)
\c@lstlisting=\count107
LaTeX Font Info:    External font `cmex10' loaded for size
(Font)              <17.28> on input line 22.
LaTeX Font Info:    External font `cmex10' loaded for size
(Font)              <12> on input line 22.
LaTeX Font Info:    External font `cmex10' loaded for size
(Font)              <8> on input line 22.
LaTeX Font Info:    External font `cmex10' loaded for size
(Font)              <6> on input line 22.
LaTeX Font Info:    Font shape `OT1/ptm/bx/n' in size <14.4> not available
(Font)              Font shape `OT1/ptm/b/n' tried instead on input line 24.
LaTeX Font Info:    External font `cmex10' loaded for size
(Font)              <10.95> on input line 25.
 <general_flow.jpg, id=1, 963.6pt x 722.7pt>
File: general_flow.jpg Graphic file (type jpg)
 <use general_flow.jpg>
Overfull \hbox (21.1973pt too wide) in paragraph at lines 53--54
 [][] 
 []

[1{/var/lib/texmf/fonts/map/pdftex/updmap/pdftex.map}


 <./general_flow.jpg>]
LaTeX Font Info:    Font shape `OT1/ptm/bx/n' in size <12> not available
(Font)              Font shape `OT1/ptm/b/n' tried instead on input line 85.

[2]
LaTeX Font Info:    Font shape `OT1/ptm/bx/n' in size <10.95> not available
(Font)              Font shape `OT1/ptm/b/n' tried instead on input line 113.

Underfull \vbox (badness 10000) has occurred while \output is active []

 [3]

LaTeX Warning: Citation `bob' on page 4 undefined on input line 161.

[4] <flow.jpg, id=21, 963.6pt x 722.7pt>
File: flow.jpg Graphic file (type jpg)
 <use flow.jpg>
Overfull \hbox (21.1973pt too wide) in paragraph at lines 228--229
 [][] 
 []

<architecture_controller.jpg, id=22, 963.6pt x 722.7pt>
File: architecture_controller.jpg Graphic file (type jpg)

<use architecture_controller.jpg>
Overfull \hbox (21.1973pt too wide) in paragraph at lines 252--253
 [][] 
 []


Underfull \vbox (badness 10000) has occurred while \output is active []

 [5 <./flow.jpg>] <protocol.jpg, id=26, 963.6pt x 722.7pt>
File: protocol.jpg Graphic file (type jpg)
 <use protocol.jpg>
Overfull \hbox (21.1973pt too wide) in paragraph at lines 290--291
 [][] 
 []

<core.jpg, id=27, 963.6pt x 722.7pt>
File: core.jpg Graphic file (type jpg)
 <use core.jpg>
Overfull \hbox (21.1973pt too wide) in paragraph at lines 299--300
 [][] 
 []


Underfull \vbox (badness 10000) has occurred while \output is active []

 [6 <./architecture_controller.jpg> <./protocol.jpg>]
Underfull \hbox (badness 10000) detected at line 353
[][]
 []


Underfull \hbox (badness 10000) in paragraph at lines 335--354

 []


Underfull \vbox (badness 10000) has occurred while \output is active []

 [7 <./core.jpg>] [8]
Underfull \hbox (badness 1043) in paragraph at lines 540--545
\OT1/ptm/m/n/10.95 We have tested the per-for-mance with the aid of
 []

<line.png, id=43, 441.65pt x 223.83624pt>
File: line.png Graphic file (type png)
 <use line.png>
<circle.png, id=44, 454.69875pt x 380.42125pt>
File: circle.png Graphic file (type png)
 <use circle.png>
<mytopo.png, id=45, 533.995pt x 458.71375pt>
File: mytopo.png Graphic file (type png)
 <use mytopo.png>
<circle_utilization.png, id=46, 634.37pt x 390.45876pt>
File: circle_utilization.png Graphic file (type png)

<use circle_utilization.png>
Overfull \hbox (21.1973pt too wide) in paragraph at lines 574--575
 [][] 
 []

<line_utilization.png, id=47, 637.38126pt x 388.45125pt>
File: line_utilization.png Graphic file (type png)

<use line_utilization.png>
Overfull \hbox (21.1973pt too wide) in paragraph at lines 581--582
 [][] 
 []

<mytopo_utilization.png, id=48, 624.3325pt x 381.425pt>
File: mytopo_utilization.png Graphic file (type png)

<use mytopo_utilization.png>
Overfull \hbox (21.1973pt too wide) in paragraph at lines 590--591
 [][] 
 []

<line_profit.png, id=49, 637.38126pt x 391.4625pt>
File: line_profit.png Graphic file (type png)
 <use line_profit.png>
Overfull \hbox (21.1973pt too wide) in paragraph at lines 598--599
 [][] 
 []

<circle_profit.png, id=50, 626.34pt x 385.44pt>
File: circle_profit.png Graphic file (type png)
 <use circle_profit.png>
Overfull \hbox (21.1973pt too wide) in paragraph at lines 606--607
 [][] 
 []

<mytop_profit.png, id=51, 654.445pt x 394.47375pt>
File: mytop_profit.png Graphic file (type png)
 <use mytop_profit.png>
Overfull \hbox (21.1973pt too wide) in paragraph at lines 614--615
 [][] 
 []


Underfull \hbox (badness 10000) in paragraph at lines 620--620
[]\OT1/ptm/b/n/14.4 DISCUSSION AND FU-TURE
 []


Underfull \vbox (badness 1442) has occurred while \output is active []

 [9 <./line.png (PNG copy)> <./circle.png (PNG copy)> <./mytopo.png (PNG copy)>
]
Underfull \hbox (badness 1371) in paragraph at lines 636--636
[]\OT1/ptm/b/n/12 More Tests and Im-mi-gra-tion to Real
 []


Underfull \vbox (badness 10000) has occurred while \output is active []

 [10 <./circle_utilization.png (PNG copy)> <./line_utilization.png (PNG copy)> 
<./mytopo_utilization.png (PNG copy)> <./line_profit.png (PNG copy)> <./circle_
profit.png (PNG copy)>]
Underfull \hbox (badness 1509) in paragraph at lines 663--663
[]\OT1/ptm/b/n/14.4 RELATED WORK AND COM-
 []

[11 <./mytop_profit.png (PNG copy)>]
Underfull \vbox (badness 10000) has occurred while \output is active []


Underfull \hbox (badness 1655) in paragraph at lines 732--733
\OT1/ptm/m/n/10.95 ing, 2009. IPDPS 2009. IEEE In-ter-na-tional
 []

[12]
Underfull \hbox (badness 3098) in paragraph at lines 733--734
\OT1/ptm/m/n/10.95 con-fer-ence on Elec-tronic com-merce. ACM,
 []


Underfull \hbox (badness 1221) in paragraph at lines 734--735
\OT1/ptm/m/n/10.95 re-source al-lo-ca-tion. Uni-ver-sity of Cal-i-for-nia,
 []


Underfull \hbox (badness 1484) in paragraph at lines 735--736
[]\OT1/ptm/m/n/10.95 Bredin, Jonathan, David Kotz, and Daniela
 []


Underfull \hbox (badness 2435) in paragraph at lines 736--737
[]\OT1/ptm/m/n/10.95 Vickrey, William. "Coun-ter-spec-u-la-tion, auc-
 []


Underfull \hbox (badness 1194) in paragraph at lines 737--738
[]\OT1/ptm/m/n/10.95 Ausubel, Lawrence M., and Pe-ter Cram-ton.
 []


Underfull \hbox (badness 2503) in paragraph at lines 737--738
\OT1/ptm/m/n/10.95 "Auc-tion-ing many di-vis-i-ble goods." Jour-nal
 []


Underfull \hbox (badness 1005) in paragraph at lines 737--738
\OT1/ptm/m/n/10.95 of the Eu-ro-pean Eco-nomic As-so-ci-a-tion 2.23
 []

Missing character: There is no ö in font ptmr7t!

Underfull \hbox (badness 1132) in paragraph at lines 740--741
\OT1/ptm/m/n/10.95 sym-po-sium on The-ory of com-put-ing. ACM,
 []


Overfull \hbox (0.79651pt too wide) in paragraph at lines 745--747
\OT1/ptm/m/n/10.95 module=Wiki&action=view&type=tool&name= 
 []

[13] (./report.aux)

LaTeX Warning: There were undefined references.


LaTeX Warning: There were multiply-defined labels.

 ) 
Here is how much of TeX's memory you used:
 3781 strings out of 493857
 51330 string characters out of 1153305
 138881 words of memory out of 3000000
 7035 multiletter control sequences out of 15000+50000
 20030 words of font info for 44 fonts, out of 3000000 for 9000
 714 hyphenation exceptions out of 8191
 26i,12n,32p,819b,279s stack positions out of 5000i,500n,10000p,200000b,50000s
{/usr/share/texmf-texlive/fonts/enc/dvips/base/8r.enc}</usr/share/texmf-texli
ve/fonts/type1/public/amsfonts/cm/cmex10.pfb></usr/share/texmf-texlive/fonts/ty
pe1/public/amsfonts/cm/cmmi10.pfb></usr/share/texmf-texlive/fonts/type1/public/
amsfonts/cm/cmmi8.pfb></usr/share/texmf-texlive/fonts/type1/public/amsfonts/cm/
cmr10.pfb></usr/share/texmf-texlive/fonts/type1/public/amsfonts/cm/cmr12.pfb></
usr/share/texmf-texlive/fonts/type1/public/amsfonts/cm/cmr8.pfb></usr/share/tex
mf-texlive/fonts/type1/public/amsfonts/cm/cmsy10.pfb></usr/share/texmf-texlive/
fonts/type1/public/amsfonts/cm/cmsy6.pfb></usr/share/texmf-texlive/fonts/type1/
urw/times/utmb8a.pfb></usr/share/texmf-texlive/fonts/type1/urw/times/utmr8a.pfb
></usr/share/texmf-texlive/fonts/type1/urw/times/utmri8a.pfb>
Output written on report.pdf (13 pages, 658827 bytes).
PDF statistics:
 104 PDF objects out of 1000 (max. 8388607)
 0 named destinations out of 1000 (max. 500000)
 71 words of extra memory for PDF output out of 10000 (max. 10000000)

